<?xml version="1.0" encoding="UTF-8"?>
<testng-results skipped="0" failed="0" ignored="0" total="1" passed="1">
  <reporter-output>
  </reporter-output>
  <suite name="coretest.BaseTest" duration-ms="25874" started-at="2023-11-12T20:57:44 IST" finished-at="2023-11-12T20:58:10 IST">
    <groups>
    </groups>
    <test name="Command line test" duration-ms="25874" started-at="2023-11-12T20:57:44 IST" finished-at="2023-11-12T20:58:10 IST">
      <class name="coretest.BaseTest">
        <test-method status="PASS" signature="setUp()[pri:0, instance:coretest.BaseTest@73804948]" name="setUp" is-config="true" duration-ms="20447" started-at="2023-11-12T20:57:44 IST" finished-at="2023-11-12T20:58:04 IST">
          <reporter-output>
          </reporter-output>
        </test-method> <!-- setUp -->
        <test-method status="PASS" signature="myTestMethod()[pri:0, instance:coretest.BaseTest@73804948]" name="myTestMethod" duration-ms="3428" started-at="2023-11-12T20:58:04 IST" finished-at="2023-11-12T20:58:08 IST">
          <reporter-output>
          </reporter-output>
        </test-method> <!-- myTestMethod -->
        <test-method status="PASS" signature="tearDown()[pri:0, instance:coretest.BaseTest@73804948]" name="tearDown" is-config="true" duration-ms="1844" started-at="2023-11-12T20:58:08 IST" finished-at="2023-11-12T20:58:10 IST">
          <reporter-output>
          </reporter-output>
        </test-method> <!-- tearDown -->
      </class> <!-- coretest.BaseTest -->
    </test> <!-- Command line test -->
  </suite> <!-- coretest.BaseTest -->
</testng-results>
