<?xml version="1.0" encoding="UTF-8"?>
<testng-results skipped="0" failed="0" ignored="0" total="1" passed="1">
  <reporter-output>
  </reporter-output>
  <suite name="coretest.BaseTest" duration-ms="15188" started-at="2023-11-11T22:04:48 IST" finished-at="2023-11-11T22:05:03 IST">
    <groups>
    </groups>
    <test name="Command line test" duration-ms="15188" started-at="2023-11-11T22:04:48 IST" finished-at="2023-11-11T22:05:03 IST">
      <class name="coretest.BaseTest">
        <test-method status="PASS" signature="setUp()[pri:0, instance:coretest.BaseTest@75c5ce97]" name="setUp" is-config="true" duration-ms="12431" started-at="2023-11-11T22:04:48 IST" finished-at="2023-11-11T22:05:01 IST">
          <reporter-output>
          </reporter-output>
        </test-method> <!-- setUp -->
        <test-method status="PASS" signature="myTestMethod()[pri:0, instance:coretest.BaseTest@75c5ce97]" name="myTestMethod" duration-ms="1288" started-at="2023-11-11T22:05:01 IST" finished-at="2023-11-11T22:05:02 IST">
          <reporter-output>
          </reporter-output>
        </test-method> <!-- myTestMethod -->
        <test-method status="PASS" signature="tearDown()[pri:0, instance:coretest.BaseTest@75c5ce97]" name="tearDown" is-config="true" duration-ms="1329" started-at="2023-11-11T22:05:02 IST" finished-at="2023-11-11T22:05:03 IST">
          <reporter-output>
          </reporter-output>
        </test-method> <!-- tearDown -->
      </class> <!-- coretest.BaseTest -->
    </test> <!-- Command line test -->
  </suite> <!-- coretest.BaseTest -->
</testng-results>
